# JRE version: OpenJDK Runtime Environment Corretto-17.0.3.6.1 (17.0.3+6) (build 17.0.3+6-LTS)
# Java VM: OpenJDK 64-Bit Server VM Corretto-17.0.3.6.1 (17.0.3+6-LTS, mixed mode, sharing, tiered, compressed oops, compressed class ptrs, g1 gc, windows-amd64)
GC Precious Log:
 CPUs: 12 total, 12 available
 Memory: 15182M
 Large Page Support: Disabled
 NUMA Support: Disabled
 Compressed Oops: Enabled (32-bit)
 Heap Region Size: 1M
 Heap Min Capacity: 256M
 Heap Initial Capacity: 256M
 Heap Max Capacity: 512M
 Pre-touch: Disabled
 Parallel Workers: 10
 Concurrent Workers: 3
 Concurrent Refinement Workers: 10
 Periodic GC: Disabled
Heap:
 garbage-first heap   total 262144K, used 193830K [0x00000000e0000000, 0x0000000100000000)
  region size 1024K, 108 young (110592K), 4 survivors (4096K)
 Metaspace       used 63778K, committed 64448K, reserved 270336K
  class space    used 8592K, committed 8896K, reserved 212992K
GC Heap History (20 events):
Event: 6.233 GC heap before
{Heap before GC invocations=1 (full 0):
 garbage-first heap   total 262144K, used 37081K [0x00000000e0000000, 0x0000000100000000)
  region size 1024K, 29 young (29696K), 3 survivors (3072K)
 Metaspace       used 3940K, committed 4096K, reserved 221184K
  class space    used 480K, committed 576K, reserved 212992K
}
Event: 6.240 GC heap after
{Heap after GC invocations=2 (full 0):
 garbage-first heap   total 262144K, used 11808K [0x00000000e0000000, 0x0000000100000000)
  region size 1024K, 3 young (3072K), 3 survivors (3072K)
 Metaspace       used 3940K, committed 4096K, reserved 221184K
  class space    used 480K, committed 576K, reserved 212992K
}
Event: 8.855 GC heap before
{Heap before GC invocations=2 (full 0):
 garbage-first heap   total 262144K, used 116256K [0x00000000e0000000, 0x0000000100000000)
  region size 1024K, 106 young (108544K), 3 survivors (3072K)
 Metaspace       used 21257K, committed 21504K, reserved 237568K
  class space    used 3188K, committed 3328K, reserved 212992K
}
Event: 8.877 GC heap after
{Heap after GC invocations=3 (full 0):
 garbage-first heap   total 262144K, used 21143K [0x00000000e0000000, 0x0000000100000000)
  region size 1024K, 12 young (12288K), 12 survivors (12288K)
 Metaspace       used 21257K, committed 21504K, reserved 237568K
  class space    used 3188K, committed 3328K, reserved 212992K
}
Event: 10.371 GC heap before
{Heap before GC invocations=4 (full 0):
 garbage-first heap   total 262144K, used 124567K [0x00000000e0000000, 0x0000000100000000)
  region size 1024K, 111 young (113664K), 12 survivors (12288K)
 Metaspace       used 35572K, committed 35968K, reserved 245760K
  class space    used 4896K, committed 5120K, reserved 212992K
}
Event: 10.380 GC heap after
{Heap after GC invocations=5 (full 0):
 garbage-first heap   total 262144K, used 30900K [0x00000000e0000000, 0x0000000100000000)
  region size 1024K, 10 young (10240K), 10 survivors (10240K)
 Metaspace       used 35572K, committed 35968K, reserved 245760K
  class space    used 4896K, committed 5120K, reserved 212992K
}
Event: 10.403 GC heap before
{Heap before GC invocations=5 (full 0):
 garbage-first heap   total 262144K, used 32948K [0x00000000e0000000, 0x0000000100000000)
  region size 1024K, 12 young (12288K), 10 survivors (10240K)
 Metaspace       used 35805K, committed 36224K, reserved 245760K
  class space    used 4946K, committed 5184K, reserved 212992K
}
Event: 10.412 GC heap after
{Heap after GC invocations=6 (full 0):
 garbage-first heap   total 262144K, used 31427K [0x00000000e0000000, 0x0000000100000000)
  region size 1024K, 2 young (2048K), 2 survivors (2048K)
 Metaspace       used 35805K, committed 36224K, reserved 245760K
  class space    used 4946K, committed 5184K, reserved 212992K
}
Event: 10.427 GC heap before
{Heap before GC invocations=6 (full 0):
 garbage-first heap   total 262144K, used 32451K [0x00000000e0000000, 0x0000000100000000)
  region size 1024K, 4 young (4096K), 2 survivors (2048K)
 Metaspace       used 35894K, committed 36288K, reserved 245760K
  class space    used 4960K, committed 5184K, reserved 212992K
}
Event: 10.428 GC heap after
{Heap after GC invocations=7 (full 0):
 garbage-first heap   total 262144K, used 30294K [0x00000000e0000000, 0x0000000100000000)
  region size 1024K, 1 young (1024K), 1 survivors (1024K)
 Metaspace       used 35894K, committed 36288K, reserved 245760K
  class space    used 4960K, committed 5184K, reserved 212992K
}
Event: 12.594 GC heap before
{Heap before GC invocations=8 (full 0):
 garbage-first heap   total 262144K, used 169558K [0x00000000e0000000, 0x0000000100000000)
  region size 1024K, 137 young (140288K), 1 survivors (1024K)
 Metaspace       used 47325K, committed 47872K, reserved 262144K
  class space    used 6770K, committed 7040K, reserved 212992K
}
Event: 12.603 GC heap after
{Heap after GC invocations=9 (full 0):
 garbage-first heap   total 262144K, used 40839K [0x00000000e0000000, 0x0000000100000000)
  region size 1024K, 11 young (11264K), 11 survivors (11264K)
 Metaspace       used 47325K, committed 47872K, reserved 262144K
  class space    used 6770K, committed 7040K, reserved 212992K
}
Event: 16.234 GC heap before
{Heap before GC invocations=9 (full 0):
 garbage-first heap   total 262144K, used 185223K [0x00000000e0000000, 0x0000000100000000)
  region size 1024K, 153 young (156672K), 11 survivors (11264K)
 Metaspace       used 50261K, committed 50816K, reserved 262144K
  class space    used 6983K, committed 7232K, reserved 212992K
}
Event: 16.253 GC heap after
{Heap after GC invocations=10 (full 0):
 garbage-first heap   total 262144K, used 49800K [0x00000000e0000000, 0x0000000100000000)
  region size 1024K, 9 young (9216K), 9 survivors (9216K)
 Metaspace       used 50261K, committed 50816K, reserved 262144K
  class space    used 6983K, committed 7232K, reserved 212992K
}
Event: 17.812 GC heap before
{Heap before GC invocations=10 (full 0):
 garbage-first heap   total 262144K, used 196232K [0x00000000e0000000, 0x0000000100000000)
  region size 1024K, 153 young (156672K), 9 survivors (9216K)
 Metaspace       used 53258K, committed 53760K, reserved 262144K
  class space    used 7410K, committed 7616K, reserved 212992K
}
Event: 17.832 GC heap after
{Heap after GC invocations=11 (full 0):
 garbage-first heap   total 262144K, used 61736K [0x00000000e0000000, 0x0000000100000000)
  region size 1024K, 20 young (20480K), 20 survivors (20480K)
 Metaspace       used 53258K, committed 53760K, reserved 262144K
  class space    used 7410K, committed 7616K, reserved 212992K
}
Event: 24.062 GC heap before
{Heap before GC invocations=11 (full 0):
 garbage-first heap   total 262144K, used 151848K [0x00000000e0000000, 0x0000000100000000)
  region size 1024K, 107 young (109568K), 20 survivors (20480K)
 Metaspace       used 60194K, committed 60736K, reserved 270336K
  class space    used 8187K, committed 8448K, reserved 212992K
}
Event: 24.088 GC heap after
{Heap after GC invocations=12 (full 0):
 garbage-first heap   total 262144K, used 83226K [0x00000000e0000000, 0x0000000100000000)
  region size 1024K, 20 young (20480K), 20 survivors (20480K)
 Metaspace       used 60194K, committed 60736K, reserved 270336K
  class space    used 8187K, committed 8448K, reserved 212992K
}
Event: 25.602 GC heap before
{Heap before GC invocations=13 (full 0):
 garbage-first heap   total 262144K, used 189722K [0x00000000e0000000, 0x0000000100000000)
  region size 1024K, 125 young (128000K), 20 survivors (20480K)
 Metaspace       used 62210K, committed 62784K, reserved 270336K
  class space    used 8413K, committed 8640K, reserved 212992K
}
Event: 25.612 GC heap after
{Heap after GC invocations=14 (full 0):
 garbage-first heap   total 262144K, used 88358K [0x00000000e0000000, 0x0000000100000000)
  region size 1024K, 4 young (4096K), 4 survivors (4096K)
 Metaspace       used 62210K, committed 62784K, reserved 270336K
  class space    used 8413K, committed 8640K, reserved 212992K
}

